Start testing: Nov 24 15:48 CST
----------------------------------------------------------
26/169 Testing: t_byte_stream_construction
26/169 Test: t_byte_stream_construction
Command: "/home/poxerial/repos/course/cs144/sponge/cmake-build-debug/tests/byte_stream_construction"
Directory: /home/poxerial/repos/course/cs144/sponge/cmake-build-debug
"t_byte_stream_construction" start time: Nov 24 15:48 CST
Output:
----------------------------------------------------------
Test Failure on expectation:
	Expectation: buffer_size: 0

Failure message:
	The ByteStream should have had buffer_size equal to 0 but instead it was 15

List of steps that executed successfully:
	Initialized with (capacity=15)
	Expectation: input_ended: 0
	Expectation: buffer_empty: 1
	Expectation: eof: 0
	Expectation: bytes_read: 0
	Expectation: bytes_written: 0
	Expectation: remaining_capacity: 15

Exception: The test "construction" failed
<end of output>
Test time =   0.00 sec
----------------------------------------------------------
Test Failed.
"t_byte_stream_construction" end time: Nov 24 15:48 CST
"t_byte_stream_construction" time elapsed: 00:00:00
----------------------------------------------------------

27/169 Testing: t_byte_stream_one_write
27/169 Test: t_byte_stream_one_write
Command: "/home/poxerial/repos/course/cs144/sponge/cmake-build-debug/tests/byte_stream_one_write"
Directory: /home/poxerial/repos/course/cs144/sponge/cmake-build-debug
"t_byte_stream_one_write" start time: Nov 24 15:48 CST
Output:
----------------------------------------------------------
Test Failure on expectation:
	Expectation: bytes_written: 3

Failure message:
	The ByteStream should have had bytes_written equal to 3 but instead it was 0

List of steps that executed successfully:
	Initialized with (capacity=15)
	     Action: write "cat" to the stream
	Expectation: input_ended: 0
	Expectation: buffer_empty: 0
	Expectation: eof: 0
	Expectation: bytes_read: 0

Exception: The test "write-end-pop" failed
<end of output>
Test time =   0.00 sec
----------------------------------------------------------
Test Failed.
"t_byte_stream_one_write" end time: Nov 24 15:48 CST
"t_byte_stream_one_write" time elapsed: 00:00:00
----------------------------------------------------------

28/169 Testing: t_byte_stream_two_writes
28/169 Test: t_byte_stream_two_writes
Command: "/home/poxerial/repos/course/cs144/sponge/cmake-build-debug/tests/byte_stream_two_writes"
Directory: /home/poxerial/repos/course/cs144/sponge/cmake-build-debug
"t_byte_stream_two_writes" start time: Nov 24 15:48 CST
Output:
----------------------------------------------------------
Test Failure on expectation:
	Expectation: bytes_written: 3

Failure message:
	The ByteStream should have had bytes_written equal to 3 but instead it was 0

List of steps that executed successfully:
	Initialized with (capacity=15)
	     Action: write "cat" to the stream
	Expectation: input_ended: 0
	Expectation: buffer_empty: 0
	Expectation: eof: 0
	Expectation: bytes_read: 0

Exception: The test "write-write-end-pop-pop" failed
<end of output>
Test time =   0.00 sec
----------------------------------------------------------
Test Failed.
"t_byte_stream_two_writes" end time: Nov 24 15:48 CST
"t_byte_stream_two_writes" time elapsed: 00:00:00
----------------------------------------------------------

29/169 Testing: t_byte_stream_capacity
29/169 Test: t_byte_stream_capacity
Command: "/home/poxerial/repos/course/cs144/sponge/cmake-build-debug/tests/byte_stream_capacity"
Directory: /home/poxerial/repos/course/cs144/sponge/cmake-build-debug
"t_byte_stream_capacity" start time: Nov 24 15:48 CST
Output:
----------------------------------------------------------
Test Failure on expectation:
	     Action: write "cat" to the stream

Failure message:
	The ByteStream should have had bytes_written equal to 2 but instead it was 0

List of steps that executed successfully:
	Initialized with (capacity=2)

Exception: The test "overwrite" failed
<end of output>
Test time =   0.00 sec
----------------------------------------------------------
Test Failed.
"t_byte_stream_capacity" end time: Nov 24 15:48 CST
"t_byte_stream_capacity" time elapsed: 00:00:00
----------------------------------------------------------

30/169 Testing: t_byte_stream_many_writes
30/169 Test: t_byte_stream_many_writes
Command: "/home/poxerial/repos/course/cs144/sponge/cmake-build-debug/tests/byte_stream_many_writes"
Directory: /home/poxerial/repos/course/cs144/sponge/cmake-build-debug
"t_byte_stream_many_writes" start time: Nov 24 15:48 CST
Output:
----------------------------------------------------------
Test Failure on expectation:
	     Action: write "nvydldxauphfjvxvhfolzqfxpuzcqoklcutqwdhpwrcqfmpslrlmyoxqxyirlsadvuwnlbj" to the stream

Failure message:
	The ByteStream should have had bytes_written equal to 71 but instead it was 0

List of steps that executed successfully:
	Initialized with (capacity=200000)

Exception: The test "many writes" failed
<end of output>
Test time =   0.00 sec
----------------------------------------------------------
Test Failed.
"t_byte_stream_many_writes" end time: Nov 24 15:48 CST
"t_byte_stream_many_writes" time elapsed: 00:00:00
----------------------------------------------------------

31/169 Testing: t_webget
31/169 Test: t_webget
Command: "/home/poxerial/repos/course/cs144/sponge/tests/webget_t.sh"
Directory: /home/poxerial/repos/course/cs144/sponge/cmake-build-debug
"t_webget" start time: Nov 24 15:48 CST
Output:
----------------------------------------------------------
HTTP/1.1 200 OK
Content-type: text/plain

7SmXqWkrLKzVBCEalbSPqBcvs11Pw263K7x4Wv3JckI
<end of output>
Test time =   1.12 sec
----------------------------------------------------------
Test Passed.
"t_webget" end time: Nov 24 15:48 CST
"t_webget" time elapsed: 00:00:01
----------------------------------------------------------

53/169 Testing: t_address_dt
53/169 Test: t_address_dt
Command: "/home/poxerial/repos/course/cs144/sponge/cmake-build-debug/doctests/address_dt"
Directory: /home/poxerial/repos/course/cs144/sponge/cmake-build-debug
"t_address_dt" start time: Nov 24 15:48 CST
Output:
----------------------------------------------------------
<end of output>
Test time =   0.01 sec
----------------------------------------------------------
Test Passed.
"t_address_dt" end time: Nov 24 15:48 CST
"t_address_dt" time elapsed: 00:00:00
----------------------------------------------------------

54/169 Testing: t_parser_dt
54/169 Test: t_parser_dt
Command: "/home/poxerial/repos/course/cs144/sponge/cmake-build-debug/doctests/parser_dt"
Directory: /home/poxerial/repos/course/cs144/sponge/cmake-build-debug
"t_parser_dt" start time: Nov 24 15:48 CST
Output:
----------------------------------------------------------
<end of output>
Test time =   0.00 sec
----------------------------------------------------------
Test Passed.
"t_parser_dt" end time: Nov 24 15:48 CST
"t_parser_dt" time elapsed: 00:00:00
----------------------------------------------------------

55/169 Testing: t_socket_dt
55/169 Test: t_socket_dt
Command: "/home/poxerial/repos/course/cs144/sponge/cmake-build-debug/doctests/socket_dt"
Directory: /home/poxerial/repos/course/cs144/sponge/cmake-build-debug
"t_socket_dt" start time: Nov 24 15:48 CST
Output:
----------------------------------------------------------
<end of output>
Test time =   0.00 sec
----------------------------------------------------------
Test Passed.
"t_socket_dt" end time: Nov 24 15:48 CST
"t_socket_dt" time elapsed: 00:00:00
----------------------------------------------------------

End testing: Nov 24 15:48 CST
